<?xml version="1.0" encoding="UTF-8"?>
<!-- Generated by org.testng.reporters.JUnitXMLReporter -->
<testsuite hostname="LAPTOP-0A11AR8K" ignored="0" name="Default test" tests="2" failures="0" timestamp="10 Apr 2018 05:48:36 GMT" time="66.765" errors="0">
  <testcase name="PCApp_TestCase_002_C12" time="6.596" classname="testNG_Scripts.profileCreationSuite3_TestNG"/>
  <testcase name="PCApp_TestCase_002_C13" time="52.491" classname="testNG_Scripts.profileCreationSuite3_TestNG"/>
</testsuite> <!-- Default test -->
