<?xml version="1.0" encoding="UTF-8"?>
<!-- Generated by org.testng.reporters.JUnitXMLReporter -->
<testsuite hostname="LAPTOP-0A11AR8K" ignored="0" name="Default test" tests="4" failures="0" timestamp="29 Mar 2018 09:23:27 GMT" time="23.356" errors="0">
  <testcase name="PCApp_TestCase_006_A01" time="3.954" classname="testNG_Scripts.about_TestNG"/>
  <testcase name="PCApp_TestCase_006_A02" time="2.289" classname="testNG_Scripts.about_TestNG"/>
  <testcase name="PCApp_TestCase_006_A03" time="4.013" classname="testNG_Scripts.about_TestNG"/>
  <testcase name="PCApp_TestCase_006_A04" time="7.001" classname="testNG_Scripts.about_TestNG"/>
</testsuite> <!-- Default test -->
