<?xml version="1.0" encoding="UTF-8"?>
<!-- Generated by org.testng.reporters.JUnitXMLReporter -->
<testsuite hostname="LAPTOP-0A11AR8K" ignored="0" name="Regression" tests="4" failures="0" timestamp="29 Mar 2018 11:04:51 GMT" time="22.911" errors="0">
  <testcase name="PCApp_TestCase_006_A01" time="3.715" classname="testNG_Scripts.about_TestNG"/>
  <testcase name="PCApp_TestCase_006_A02" time="2.287" classname="testNG_Scripts.about_TestNG"/>
  <testcase name="PCApp_TestCase_006_A03" time="3.784" classname="testNG_Scripts.about_TestNG"/>
  <testcase name="PCApp_TestCase_006_A04" time="7.38" classname="testNG_Scripts.about_TestNG"/>
</testsuite> <!-- Regression -->
