<?xml version="1.0" encoding="UTF-8"?>
<testng-results skipped="0" failed="0" ignored="0" total="1" passed="1">
  <reporter-output>
  </reporter-output>
  <suite name="Default suite" duration-ms="37091" started-at="2018-05-11T07:49:51Z" finished-at="2018-05-11T07:50:28Z">
    <groups>
    </groups>
    <test name="Default test" duration-ms="37091" started-at="2018-05-11T07:49:51Z" finished-at="2018-05-11T07:50:28Z">
      <class name="testNG_Scripts.PCApp_Script_006_A01">
        <test-method status="PASS" signature="preConditions()[pri:0, instance:testNG_Scripts.PCApp_Script_006_A01@66a3ffec]" name="preConditions" is-config="true" duration-ms="16300" started-at="2018-05-11T13:19:51Z" finished-at="2018-05-11T13:20:08Z">
          <reporter-output>
          </reporter-output>
        </test-method> <!-- preConditions -->
        <test-method status="PASS" signature="run()[pri:0, instance:testNG_Scripts.PCApp_Script_006_A01@66a3ffec]" name="run" duration-ms="17456" started-at="2018-05-11T13:20:08Z" finished-at="2018-05-11T13:20:25Z">
          <reporter-output>
          </reporter-output>
        </test-method> <!-- run -->
        <test-method status="PASS" signature="postConditions()[pri:0, instance:testNG_Scripts.PCApp_Script_006_A01@66a3ffec]" name="postConditions" is-config="true" duration-ms="3278" started-at="2018-05-11T13:20:25Z" finished-at="2018-05-11T13:20:28Z">
          <reporter-output>
          </reporter-output>
        </test-method> <!-- postConditions -->
      </class> <!-- testNG_Scripts.PCApp_Script_006_A01 -->
    </test> <!-- Default test -->
  </suite> <!-- Default suite -->
</testng-results>
